<?xml version="1.0" encoding="UTF-8"?>
<!-- Generated by org.testng.reporters.JUnitXMLReporter -->
<testsuite ignored="0" hostname="QT-INNO-LT1337" failures="0" tests="3" name="Default test" time="23.763" errors="0" timestamp="2023-01-31T23:57:51 IST">
  <testcase classname="youtubeYT.tests.HomePage_YT" name="Test01_Launch_application" time="11.237"/>
  <testcase classname="youtubeYT.tests.HomePage_YT" name="Test02_Verfiy_Music_Tab_Hor_menu_is_present" time="0.184"/>
  <testcase classname="youtubeYT.tests.HomePage_YT" name="Test03_Verify_search_bar_is_present" time="0.077"/>
</testsuite> <!-- Default test -->
