<?xml version="1.0" encoding="UTF-8"?>
<!-- Generated by org.testng.reporters.JUnitXMLReporter -->
<testsuite ignored="2" hostname="QT-INNO-LT0982" failures="2" tests="4" name="Test" time="27.15" errors="0" timestamp="2023-01-31T21:13:06 IST">
  <testcase classname="youtubeYT.tests.HomePage_YT" name="Test01_Launch_application" time="5.331"/>
  <testcase classname="youtubeYT.tests.HomePage_YT" name="Test02_Verfiy_Music_Tab_Hor_menu_is_present" time="0.377"/>
  <testcase classname="youtubeYT.tests.SearchPage_YT" name="Test11_Launch_application" time="6.44">
    <failure type="java.lang.AssertionError" message="Title mismatch: expected [YouTube] but found [YouTub]">
      <![CDATA[java.lang.AssertionError: Title mismatch: expected [YouTube] but found [YouTub]
at youtubeYT.tests.SearchPage_YT.Test11_Launch_application(SearchPage_YT.java:50)
at java.base/java.util.ArrayList.forEach(ArrayList.java:1511)
... Removed 32 stack frames]]>
    </failure>
  </testcase> <!-- Test11_Launch_application -->
  <testcase classname="youtubeYT.tests.SearchPage_YT" name="Test12_Verfiy_Search_bar_is_working" time="0.006">
    <failure type="java.lang.IllegalArgumentException" message="Cannot find elements when the selector is null">
      <![CDATA[java.lang.IllegalArgumentException: Cannot find elements when the selector is null
at org.openqa.selenium.internal.Require$ArgumentChecker.nonNull(Require.java:207)
at org.openqa.selenium.By$ByCssSelector.<init>(By.java:329)
at org.openqa.selenium.By.cssSelector(By.java:112)
at youtubeYT.tests.SearchPage_YT.Test12_Verfiy_Search_bar_is_working(SearchPage_YT.java:55)
at java.base/java.util.ArrayList.forEach(ArrayList.java:1511)
... Removed 27 stack frames]]>
    </failure>
  </testcase> <!-- Test12_Verfiy_Search_bar_is_working -->
  <testcase classname="youtubeYT.tests.HomePage_YT" name="Test03_Verify_search_bar_is_present" time="0.0">
    <ignored/>
  </testcase> <!-- Test03_Verify_search_bar_is_present -->
  <testcase classname="youtubeYT.tests.SearchPage_YT" name="Test13_Play_video_from_search_result" time="0.0">
    <ignored/>
  </testcase> <!-- Test13_Play_video_from_search_result -->
</testsuite> <!-- Test -->
